2023-02-12 22:27:57,118 INFO [JavaFX Application Thread] c.e.d.HelloApplication [LoginController.java:54] Uspješno ulogirani u bazu!
2023-02-12 22:28:52,110 INFO [JavaFX Application Thread] c.e.d.HelloApplication [LoginController.java:54] Uspješno ulogirani u bazu!
2023-02-12 22:31:47,628 INFO [JavaFX Application Thread] c.e.d.HelloApplication [LoginController.java:54] Uspješno ulogirani u bazu!
2023-02-12 22:33:51,762 INFO [JavaFX Application Thread] c.e.d.LoginController [LoginController.java:54] Uspješno ulogirani u bazu!
2023-02-12 22:35:29,411 INFO [JavaFX Application Thread] c.e.d.LoginController [LoginController.java:56] Uspješno ulogirani u bazu!
2023-02-12 22:36:29,534 INFO [JavaFX Application Thread] c.e.d.LoginController [LoginController.java:39] Uspješno ulogirani u bazu!
2023-02-12 22:37:30,351 INFO [JavaFX Application Thread] c.e.d.LoginController [LoginController.java:39] Uspješno ulogirani u bazu!
2023-02-12 22:38:21,082 INFO [JavaFX Application Thread] c.e.d.LoginController [LoginController.java:39] Uspješno ulogirani u bazu!
2023-02-12 22:45:33,273 INFO [JavaFX Application Thread] c.e.d.LoginController [LoginController.java:39] Uspješno ulogirani u bazu!
2023-02-12 22:46:11,555 ERROR [JavaFX Application Thread] c.e.d.LoginController [LoginController.java:39] Uspješno ulogirani u bazu!
2023-02-12 22:48:26,403 ERROR [JavaFX Application Thread] c.e.d.LoginController [LoginController.java:39] Uspješno ulogirani u bazu!
2023-02-12 23:14:24,449 ERROR [JavaFX Application Thread] c.e.d.LoginController [LoginController.java:39] Uspješno ulogirani u bazu!
2023-02-12 23:16:13,141 ERROR [JavaFX Application Thread] c.e.d.LoginController [LoginController.java:39] Uspješno ulogirani u bazu!
2023-02-12 23:35:13,172 ERROR [JavaFX Application Thread] c.e.d.LoginController [LoginController.java:39] Uspješno ulogirani u bazu!
2023-02-12 23:43:35,806 ERROR [JavaFX Application Thread] c.e.d.LoginController [LoginController.java:39] Uspješno ulogirani u bazu!
2023-02-12 23:43:41,313 ERROR [JavaFX Application Thread] c.e.d.LoginController [LoginController.java:39] Uspješno ulogirani u bazu!
2023-02-12 23:45:30,229 ERROR [JavaFX Application Thread] c.e.d.LoginController [LoginController.java:39] Uspješno ulogirani u bazu!
2023-02-12 23:47:28,389 ERROR [JavaFX Application Thread] c.e.d.LoginController [LoginController.java:39] Uspješno ulogirani u bazu!
2023-02-12 23:48:21,265 ERROR [JavaFX Application Thread] c.e.d.LoginController [LoginController.java:39] Uspješno ulogirani u bazu!
2023-02-12 23:48:55,644 ERROR [JavaFX Application Thread] c.e.d.LoginController [LoginController.java:39] Uspješno ulogirani u bazu!
2023-02-12 23:49:01,942 ERROR [JavaFX Application Thread] c.e.d.LoginController [LoginController.java:39] Uspješno ulogirani u bazu!
2023-02-12 23:52:43,979 ERROR [JavaFX Application Thread] c.e.d.LoginController [LoginController.java:39] Uspješno ulogirani u bazu!
2023-02-12 23:55:54,590 ERROR [JavaFX Application Thread] c.e.d.LoginController [LoginController.java:39] Uspješno ulogirani u bazu!
2023-02-13 00:00:04,535 ERROR [JavaFX Application Thread] c.e.d.LoginController [LoginController.java:39] Uspješno ulogirani u bazu!
2023-02-13 00:02:05,066 ERROR [JavaFX Application Thread] c.e.d.LoginController [LoginController.java:39] Uspješno ulogirani u bazu!
2023-02-13 00:03:17,991 ERROR [JavaFX Application Thread] c.e.d.LoginController [LoginController.java:39] Uspješno ulogirani u bazu!
2023-02-13 00:03:19,354 ERROR [JavaFX Application Thread] c.e.d.LoginController [LoginController.java:39] Uspješno ulogirani u bazu!
2023-02-13 00:03:20,700 ERROR [JavaFX Application Thread] c.e.d.LoginController [LoginController.java:39] Uspješno ulogirani u bazu!
2023-02-13 00:03:21,799 ERROR [JavaFX Application Thread] c.e.d.LoginController [LoginController.java:39] Uspješno ulogirani u bazu!
2023-02-13 00:03:21,938 ERROR [JavaFX Application Thread] c.e.d.LoginController [LoginController.java:39] Uspješno ulogirani u bazu!
2023-02-13 00:03:22,091 ERROR [JavaFX Application Thread] c.e.d.LoginController [LoginController.java:39] Uspješno ulogirani u bazu!
2023-02-13 00:03:22,229 ERROR [JavaFX Application Thread] c.e.d.LoginController [LoginController.java:39] Uspješno ulogirani u bazu!
2023-02-13 00:03:22,367 ERROR [JavaFX Application Thread] c.e.d.LoginController [LoginController.java:39] Uspješno ulogirani u bazu!
2023-02-13 00:03:22,676 ERROR [JavaFX Application Thread] c.e.d.LoginController [LoginController.java:39] Uspješno ulogirani u bazu!
2023-02-13 00:03:22,829 ERROR [JavaFX Application Thread] c.e.d.LoginController [LoginController.java:39] Uspješno ulogirani u bazu!
2023-02-13 00:03:22,995 ERROR [JavaFX Application Thread] c.e.d.LoginController [LoginController.java:39] Uspješno ulogirani u bazu!
2023-02-13 00:03:23,133 ERROR [JavaFX Application Thread] c.e.d.LoginController [LoginController.java:39] Uspješno ulogirani u bazu!
2023-02-13 00:03:23,302 ERROR [JavaFX Application Thread] c.e.d.LoginController [LoginController.java:39] Uspješno ulogirani u bazu!
2023-02-13 00:03:23,484 ERROR [JavaFX Application Thread] c.e.d.LoginController [LoginController.java:39] Uspješno ulogirani u bazu!
2023-02-13 00:03:23,710 ERROR [JavaFX Application Thread] c.e.d.LoginController [LoginController.java:39] Uspješno ulogirani u bazu!
2023-02-13 00:04:20,033 ERROR [JavaFX Application Thread] c.e.d.LoginController [LoginController.java:39] Uspješno ulogirani u bazu!
2023-02-13 00:04:40,872 ERROR [JavaFX Application Thread] c.e.d.LoginController [LoginController.java:39] Uspješno ulogirani u bazu!
2023-02-13 00:04:56,984 ERROR [JavaFX Application Thread] c.e.d.LoginController [LoginController.java:39] Uspješno ulogirani u bazu!
2023-02-13 00:05:02,727 ERROR [JavaFX Application Thread] c.e.d.LoginController [LoginController.java:39] Uspješno ulogirani u bazu!
2023-02-13 00:06:31,575 ERROR [JavaFX Application Thread] c.e.d.LoginController [LoginController.java:39] Uspješno ulogirani u bazu!
2023-02-13 00:09:38,877 ERROR [JavaFX Application Thread] c.e.d.LoginController [LoginController.java:39] Uspješno ulogirani u bazu!
2023-02-13 00:14:02,927 ERROR [JavaFX Application Thread] c.e.d.LoginController [LoginController.java:39] Uspješno ulogirani u bazu!
2023-02-13 00:17:45,709 ERROR [JavaFX Application Thread] c.e.d.LoginController [LoginController.java:39] Uspješno ulogirani u bazu!
2023-02-13 00:21:46,287 ERROR [JavaFX Application Thread] c.e.d.LoginController [LoginController.java:39] Uspješno ulogirani u bazu!
2023-02-13 00:25:04,195 ERROR [JavaFX Application Thread] c.e.d.LoginController [LoginController.java:39] Uspješno ulogirani u bazu!
2023-02-13 00:27:36,877 ERROR [JavaFX Application Thread] c.e.d.LoginController [LoginController.java:39] Uspješno ulogirani u bazu!
2023-02-13 00:27:41,772 ERROR [JavaFX Application Thread] c.e.d.LoginController [LoginController.java:39] Uspješno ulogirani u bazu!
2023-02-13 00:29:44,659 ERROR [JavaFX Application Thread] c.e.d.LoginController [LoginController.java:39] Uspješno ulogirani u bazu!
2023-02-13 00:30:07,131 ERROR [JavaFX Application Thread] c.e.d.LoginController [LoginController.java:39] Uspješno ulogirani u bazu!
2023-02-13 00:30:57,909 ERROR [JavaFX Application Thread] c.e.d.LoginController [LoginController.java:39] Uspješno ulogirani u bazu!
2023-02-13 00:31:58,159 ERROR [JavaFX Application Thread] c.e.d.LoginController [LoginController.java:39] Uspješno ulogirani u bazu!
2023-02-13 00:36:20,278 ERROR [JavaFX Application Thread] c.e.d.LoginController [LoginController.java:39] Uspješno ulogirani u bazu!
2023-02-13 21:18:46,918 ERROR [JavaFX Application Thread] c.e.d.LoginController [LoginController.java:39] Uspješno ulogirani u bazu!
2023-02-13 21:40:53,487 ERROR [JavaFX Application Thread] c.e.d.c.LoginController [LoginController.java:33] Uspješno ulogirani u bazu!
2023-02-13 21:41:11,332 ERROR [JavaFX Application Thread] c.e.d.c.LoginController [LoginController.java:33] Uspješno ulogirani u bazu!
2023-02-13 21:41:55,151 ERROR [JavaFX Application Thread] c.e.d.c.LoginController [LoginController.java:33] Uspješno ulogirani u bazu!
2023-02-13 21:55:31,401 ERROR [JavaFX Application Thread] c.e.d.LoginController [LoginController.java:32] Uspješno ulogirani u bazu!
2023-02-13 22:05:26,145 ERROR [JavaFX Application Thread] c.e.d.LoginController [LoginController.java:32] Uspješno ulogirani u bazu!
2023-02-13 22:39:05,788 ERROR [JavaFX Application Thread] c.e.d.LoginController [LoginController.java:32] Uspješno ulogirani u bazu!
2023-02-13 23:30:22,678 ERROR [JavaFX Application Thread] c.e.d.LoginController [LoginController.java:32] Uspješno ulogirani u bazu!
2023-02-13 23:44:17,087 ERROR [JavaFX Application Thread] c.e.d.LoginController [LoginController.java:32] Uspješno ulogirani u bazu!
2023-02-13 23:44:27,311 ERROR [JavaFX Application Thread] c.e.d.LoginController [LoginController.java:32] Uspješno ulogirani u bazu!
2023-02-13 23:45:54,767 ERROR [JavaFX Application Thread] c.e.d.LoginController [LoginController.java:32] Uspješno ulogirani u bazu!
2023-02-13 23:51:16,927 ERROR [JavaFX Application Thread] c.e.d.LoginController [LoginController.java:32] Uspješno ulogirani u bazu!
2023-02-13 23:51:21,964 ERROR [JavaFX Application Thread] c.e.d.QuestionsController [QuestionsController.java:48] Nedovoljno pitanja za kviz!
2023-02-13 23:54:49,998 ERROR [JavaFX Application Thread] c.e.d.LoginController [LoginController.java:32] Uspješno ulogirani u bazu!
2023-02-14 00:27:33,905 ERROR [JavaFX Application Thread] c.e.d.LoginController [LoginController.java:32] Uspješno ulogirani u bazu!
2023-02-14 00:27:39,514 ERROR [JavaFX Application Thread] c.e.d.QuestionsController [QuestionsController.java:76] Pitanje nije odgovoreno!
2023-02-14 00:44:50,959 ERROR [JavaFX Application Thread] c.e.d.LoginController [LoginController.java:39] Uspješno ulogirani u bazu!
2023-02-14 00:55:10,640 ERROR [JavaFX Application Thread] c.e.d.LoginController [LoginController.java:39] Uspješno ulogirani u bazu!
2023-02-14 00:55:14,428 ERROR [JavaFX Application Thread] c.e.d.LoginController [LoginController.java:39] Uspješno ulogirani u bazu!
2023-02-14 00:56:14,528 ERROR [JavaFX Application Thread] c.e.d.LoginController [LoginController.java:39] Uspješno ulogirani u bazu!
2023-02-14 00:56:20,431 ERROR [JavaFX Application Thread] c.e.d.LoginController [LoginController.java:35] Neispravni podaci!
2023-02-14 01:10:13,796 ERROR [JavaFX Application Thread] c.e.d.LoginController [LoginController.java:39] Uspješno ulogirani u bazu!
2023-02-14 01:10:32,837 ERROR [JavaFX Application Thread] c.e.d.LoginController [LoginController.java:39] Uspješno ulogirani u bazu!
2023-02-14 01:10:41,443 ERROR [JavaFX Application Thread] c.e.d.QuestionsController [QuestionsController.java:76] Pitanje nije odgovoreno!
2023-02-14 01:10:42,800 ERROR [JavaFX Application Thread] c.e.d.QuestionsController [QuestionsController.java:76] Pitanje nije odgovoreno!
2023-02-14 01:10:43,458 ERROR [JavaFX Application Thread] c.e.d.QuestionsController [QuestionsController.java:76] Pitanje nije odgovoreno!
2023-02-14 01:10:44,032 ERROR [JavaFX Application Thread] c.e.d.QuestionsController [QuestionsController.java:76] Pitanje nije odgovoreno!
2023-02-14 01:10:44,457 ERROR [JavaFX Application Thread] c.e.d.QuestionsController [QuestionsController.java:76] Pitanje nije odgovoreno!
2023-02-14 01:27:46,038 ERROR [JavaFX Application Thread] c.e.d.LoginController [LoginController.java:39] Uspješno ulogirani u bazu!
2023-02-14 01:27:50,355 ERROR [JavaFX Application Thread] c.e.d.LoginController [LoginController.java:39] Uspješno ulogirani u bazu!
2023-02-14 01:34:07,280 ERROR [JavaFX Application Thread] c.e.d.LoginController [LoginController.java:39] Uspješno ulogirani u bazu!
2023-02-14 01:35:40,081 ERROR [JavaFX Application Thread] c.e.d.LoginController [LoginController.java:39] Uspješno ulogirani u bazu!
2023-02-14 01:35:46,190 ERROR [JavaFX Application Thread] c.e.d.LoginController [LoginController.java:39] Uspješno ulogirani u bazu!
2023-02-14 01:37:02,300 ERROR [JavaFX Application Thread] c.e.d.LoginController [LoginController.java:39] Uspješno ulogirani u bazu!
2023-02-14 01:37:08,927 ERROR [JavaFX Application Thread] c.e.d.LoginController [LoginController.java:39] Uspješno ulogirani u bazu!
2023-02-14 01:40:14,833 ERROR [JavaFX Application Thread] c.e.d.LoginController [LoginController.java:39] Uspješno ulogirani u bazu!
2023-02-14 01:40:19,970 ERROR [JavaFX Application Thread] c.e.d.LoginController [LoginController.java:39] Uspješno ulogirani u bazu!
2023-02-14 01:42:15,352 ERROR [JavaFX Application Thread] c.e.d.LoginController [LoginController.java:39] Uspješno ulogirani u bazu!
2023-02-14 01:49:19,673 ERROR [JavaFX Application Thread] c.e.d.LoginController [LoginController.java:39] Uspješno ulogirani u bazu!
2023-02-14 01:51:50,435 ERROR [JavaFX Application Thread] c.e.d.LoginController [LoginController.java:39] Uspješno ulogirani u bazu!
2023-02-14 01:51:55,994 ERROR [JavaFX Application Thread] c.e.d.LoginController [LoginController.java:39] Uspješno ulogirani u bazu!
2023-02-14 01:54:16,197 ERROR [JavaFX Application Thread] c.e.d.LoginController [LoginController.java:39] Uspješno ulogirani u bazu!
2023-02-14 01:54:21,373 ERROR [JavaFX Application Thread] c.e.d.LoginController [LoginController.java:39] Uspješno ulogirani u bazu!
2023-02-14 01:55:32,563 ERROR [JavaFX Application Thread] c.e.d.LoginController [LoginController.java:39] Uspješno ulogirani u bazu!
2023-02-14 01:55:37,927 ERROR [JavaFX Application Thread] c.e.d.LoginController [LoginController.java:39] Uspješno ulogirani u bazu!
2023-02-14 01:56:45,388 ERROR [JavaFX Application Thread] c.e.d.LoginController [LoginController.java:39] Uspješno ulogirani u bazu!
2023-02-14 02:02:17,680 ERROR [JavaFX Application Thread] c.e.d.LoginController [LoginController.java:39] Uspješno ulogirani u bazu!
2023-02-14 02:06:36,810 ERROR [JavaFX Application Thread] c.e.d.LoginController [LoginController.java:39] Uspješno ulogirani u bazu!
2023-02-14 02:07:40,298 ERROR [JavaFX Application Thread] c.e.d.LoginController [LoginController.java:39] Uspješno ulogirani u bazu!
2023-02-14 02:08:03,307 ERROR [JavaFX Application Thread] c.e.d.LoginController [LoginController.java:39] Uspješno ulogirani u bazu!
2023-02-14 02:09:43,171 ERROR [JavaFX Application Thread] c.e.d.LoginController [LoginController.java:39] Uspješno ulogirani u bazu!
2023-02-14 02:10:29,397 ERROR [JavaFX Application Thread] c.e.d.LoginController [LoginController.java:39] Uspješno ulogirani u bazu!
2023-02-14 02:10:35,460 ERROR [JavaFX Application Thread] c.e.d.LoginController [LoginController.java:39] Uspješno ulogirani u bazu!
2023-02-14 02:11:23,278 ERROR [JavaFX Application Thread] c.e.d.LoginController [LoginController.java:39] Uspješno ulogirani u bazu!
2023-02-14 02:11:34,438 ERROR [JavaFX Application Thread] c.e.d.QuestionsController [QuestionsController.java:76] Pitanje nije odgovoreno!
2023-02-14 02:11:36,343 ERROR [JavaFX Application Thread] c.e.d.QuestionsController [QuestionsController.java:76] Pitanje nije odgovoreno!
2023-02-14 02:11:37,028 ERROR [JavaFX Application Thread] c.e.d.QuestionsController [QuestionsController.java:76] Pitanje nije odgovoreno!
2023-02-14 02:11:37,881 ERROR [JavaFX Application Thread] c.e.d.QuestionsController [QuestionsController.java:76] Pitanje nije odgovoreno!
2023-02-14 02:11:38,833 ERROR [JavaFX Application Thread] c.e.d.QuestionsController [QuestionsController.java:76] Pitanje nije odgovoreno!
2023-02-14 02:12:48,065 ERROR [JavaFX Application Thread] c.e.d.LoginController [LoginController.java:39] Uspješno ulogirani u bazu!
2023-02-14 02:13:39,513 ERROR [JavaFX Application Thread] c.e.d.LoginController [LoginController.java:39] Uspješno ulogirani u bazu!
2023-02-14 02:15:09,973 ERROR [JavaFX Application Thread] c.e.d.LoginController [LoginController.java:39] Uspješno ulogirani u bazu!
2023-02-14 02:15:15,140 ERROR [JavaFX Application Thread] c.e.d.LoginController [LoginController.java:39] Uspješno ulogirani u bazu!
2023-02-14 02:16:16,320 ERROR [JavaFX Application Thread] c.e.d.LoginController [LoginController.java:39] Uspješno ulogirani u bazu!
2023-02-14 02:29:05,091 ERROR [JavaFX Application Thread] c.e.d.LoginController [LoginController.java:39] Uspješno ulogirani u bazu!
2023-02-14 02:29:10,189 ERROR [JavaFX Application Thread] c.e.d.LoginController [LoginController.java:39] Uspješno ulogirani u bazu!
2023-02-14 02:31:42,571 ERROR [JavaFX Application Thread] c.e.d.LoginController [LoginController.java:39] Uspješno ulogirani u bazu!
2023-02-14 02:31:48,400 ERROR [JavaFX Application Thread] c.e.d.LoginController [LoginController.java:39] Uspješno ulogirani u bazu!
2023-02-14 02:35:30,305 ERROR [JavaFX Application Thread] c.e.d.LoginController [LoginController.java:39] Uspješno ulogirani u bazu!
2023-02-14 02:37:25,901 ERROR [JavaFX Application Thread] c.e.d.LoginController [LoginController.java:39] Uspješno ulogirani u bazu!
2023-02-14 02:39:03,372 ERROR [JavaFX Application Thread] c.e.d.LoginController [LoginController.java:39] Uspješno ulogirani u bazu!
2023-02-14 02:40:13,728 ERROR [JavaFX Application Thread] c.e.d.LoginController [LoginController.java:39] Uspješno ulogirani u bazu!
2023-02-14 02:43:21,002 ERROR [JavaFX Application Thread] c.e.d.LoginController [LoginController.java:39] Uspješno ulogirani u bazu!
2023-02-14 02:46:20,975 ERROR [JavaFX Application Thread] c.e.d.LoginController [LoginController.java:39] Uspješno ulogirani u bazu!
2023-02-14 02:47:14,751 ERROR [JavaFX Application Thread] c.e.d.LoginController [LoginController.java:39] Uspješno ulogirani u bazu!
2023-02-14 02:48:50,497 ERROR [JavaFX Application Thread] c.e.d.LoginController [LoginController.java:39] Uspješno ulogirani u bazu!
2023-02-14 02:51:10,402 ERROR [JavaFX Application Thread] c.e.d.LoginController [LoginController.java:39] Uspješno ulogirani u bazu!
2023-02-14 02:52:25,001 ERROR [JavaFX Application Thread] c.e.d.LoginController [LoginController.java:39] Uspješno ulogirani u bazu!
2023-02-14 02:54:04,536 ERROR [JavaFX Application Thread] c.e.d.LoginController [LoginController.java:39] Uspješno ulogirani u bazu!
2023-02-14 02:58:24,374 ERROR [JavaFX Application Thread] c.e.d.LoginController [LoginController.java:39] Uspješno ulogirani u bazu!
2023-02-14 17:18:34,386 ERROR [JavaFX Application Thread] c.e.d.LoginController [LoginController.java:39] Uspješno ulogirani u bazu!
2023-02-14 17:19:40,494 ERROR [JavaFX Application Thread] c.e.d.LoginController [LoginController.java:39] Uspješno ulogirani u bazu!
2023-02-14 17:20:05,023 ERROR [JavaFX Application Thread] c.e.d.LoginController [LoginController.java:39] Uspješno ulogirani u bazu!
2023-02-14 17:20:09,222 ERROR [JavaFX Application Thread] c.e.d.LoginController [LoginController.java:39] Uspješno ulogirani u bazu!
2023-02-14 17:21:35,564 ERROR [JavaFX Application Thread] c.e.d.LoginController [LoginController.java:39] Uspješno ulogirani u bazu!
2023-02-14 17:27:38,926 ERROR [JavaFX Application Thread] c.e.d.LoginController [LoginController.java:39] Uspješno ulogirani u bazu!
2023-02-14 17:27:43,798 ERROR [JavaFX Application Thread] c.e.d.LoginController [LoginController.java:39] Uspješno ulogirani u bazu!
2023-02-14 17:28:58,472 ERROR [JavaFX Application Thread] c.e.d.LoginController [LoginController.java:39] Uspješno ulogirani u bazu!
2023-02-14 17:29:02,542 ERROR [JavaFX Application Thread] c.e.d.LoginController [LoginController.java:39] Uspješno ulogirani u bazu!
2023-02-14 17:29:13,293 ERROR [JavaFX Application Thread] c.e.d.LoginController [LoginController.java:39] Uspješno ulogirani u bazu!
2023-02-14 17:41:54,732 ERROR [JavaFX Application Thread] c.e.d.LoginController [LoginController.java:39] Uspješno ulogirani u bazu!
2023-02-14 17:48:08,837 ERROR [JavaFX Application Thread] c.e.d.LoginController [LoginController.java:39] Uspješno ulogirani u bazu!
2023-02-14 17:49:32,999 ERROR [JavaFX Application Thread] c.e.d.LoginController [LoginController.java:39] Uspješno ulogirani u bazu!
